<?xml version="1.0"?>
<testsuite name="Firefox 109.0 (Mac OS 10.15)" package="" timestamp="2023-01-22T01:56:08" id="0" hostname="MacBook-Pro-de-sheratsuki.local" tests="18" errors="1" failures="17" time="0.003">
  <properties>
    <property name="browser.fullName" value="Mozilla/5.0 (Macintosh; Intel Mac OS X 10.15; rv:109.0) Gecko/20100101 Firefox/109.0"/>
  </properties>
  <testcase name="digest catches exceptions in listeners function and continues" time="0.001" classname="Firefox_109_0_(Mac_OS_10_15).digest">
    <failure type="">TypeError: scope.$watch is not a function in /var/folders/02/md3smr3n7sgfpp80dl0ymyq40000gn/T/cd5c18729ae31e0fd05e3fc9174585f9.browserify.js (line 17480)
require&lt;["/Users/sheratsuki/Desktop/myangularAgain/test/scope_spec.js"]&lt;/&lt;/&lt;@/var/folders/02/md3smr3n7sgfpp80dl0ymyq40000gn/T/test/scope_spec.js:257:1 &lt;- /var/folders/02/md3smr3n7sgfpp80dl0ymyq40000gn/T/cd5c18729ae31e0fd05e3fc9174585f9.browserify.js:17480:15
&lt;Jasmine&gt;
</failure>
  </testcase>
  <testcase name="digest compares based on value if enabled" time="0.001" classname="Firefox_109_0_(Mac_OS_10_15).digest">
    <failure type="">TypeError: scope.$watch is not a function in /var/folders/02/md3smr3n7sgfpp80dl0ymyq40000gn/T/cd5c18729ae31e0fd05e3fc9174585f9.browserify.js (line 17423)
require&lt;["/Users/sheratsuki/Desktop/myangularAgain/test/scope_spec.js"]&lt;/&lt;/&lt;@/var/folders/02/md3smr3n7sgfpp80dl0ymyq40000gn/T/test/scope_spec.js:200:1 &lt;- /var/folders/02/md3smr3n7sgfpp80dl0ymyq40000gn/T/cd5c18729ae31e0fd05e3fc9174585f9.browserify.js:17423:15
&lt;Jasmine&gt;
</failure>
  </testcase>
  <testcase name="digest correcly handles NanNs" time="0" classname="Firefox_109_0_(Mac_OS_10_15).digest">
    <failure type="">TypeError: scope.$watch is not a function in /var/folders/02/md3smr3n7sgfpp80dl0ymyq40000gn/T/cd5c18729ae31e0fd05e3fc9174585f9.browserify.js (line 17443)
require&lt;["/Users/sheratsuki/Desktop/myangularAgain/test/scope_spec.js"]&lt;/&lt;/&lt;@/var/folders/02/md3smr3n7sgfpp80dl0ymyq40000gn/T/test/scope_spec.js:220:1 &lt;- /var/folders/02/md3smr3n7sgfpp80dl0ymyq40000gn/T/cd5c18729ae31e0fd05e3fc9174585f9.browserify.js:17443:15
&lt;Jasmine&gt;
</failure>
  </testcase>
  <testcase name="digest catches exceptions in watch function and continues" time="0" classname="Firefox_109_0_(Mac_OS_10_15).digest">
    <failure type="">TypeError: scope.$watch is not a function in /var/folders/02/md3smr3n7sgfpp80dl0ymyq40000gn/T/cd5c18729ae31e0fd05e3fc9174585f9.browserify.js (line 17461)
require&lt;["/Users/sheratsuki/Desktop/myangularAgain/test/scope_spec.js"]&lt;/&lt;/&lt;@/var/folders/02/md3smr3n7sgfpp80dl0ymyq40000gn/T/test/scope_spec.js:238:1 &lt;- /var/folders/02/md3smr3n7sgfpp80dl0ymyq40000gn/T/cd5c18729ae31e0fd05e3fc9174585f9.browserify.js:17461:15
&lt;Jasmine&gt;
</failure>
  </testcase>
  <testcase name="digest calls the watch function with the scope as the argument" time="0" classname="Firefox_109_0_(Mac_OS_10_15).digest">
    <failure type="">TypeError: scope.$watch is not a function in /var/folders/02/md3smr3n7sgfpp80dl0ymyq40000gn/T/cd5c18729ae31e0fd05e3fc9174585f9.browserify.js (line 17259)
require&lt;["/Users/sheratsuki/Desktop/myangularAgain/test/scope_spec.js"]&lt;/&lt;/&lt;@/var/folders/02/md3smr3n7sgfpp80dl0ymyq40000gn/T/test/scope_spec.js:36:1 &lt;- /var/folders/02/md3smr3n7sgfpp80dl0ymyq40000gn/T/cd5c18729ae31e0fd05e3fc9174585f9.browserify.js:17259:15
&lt;Jasmine&gt;
</failure>
  </testcase>
  <testcase name="digest calls the listener function of a watch on first $digest" time="0" classname="Firefox_109_0_(Mac_OS_10_15).digest">
    <failure type="">TypeError: scope.$watch is not a function in /var/folders/02/md3smr3n7sgfpp80dl0ymyq40000gn/T/cd5c18729ae31e0fd05e3fc9174585f9.browserify.js (line 17248)
require&lt;["/Users/sheratsuki/Desktop/myangularAgain/test/scope_spec.js"]&lt;/&lt;/&lt;@/var/folders/02/md3smr3n7sgfpp80dl0ymyq40000gn/T/test/scope_spec.js:25:1 &lt;- /var/folders/02/md3smr3n7sgfpp80dl0ymyq40000gn/T/cd5c18729ae31e0fd05e3fc9174585f9.browserify.js:17248:15
&lt;Jasmine&gt;
</failure>
  </testcase>
  <testcase name="digest allows destroying a $watch with a removal function" time="0" classname="Firefox_109_0_(Mac_OS_10_15).digest">
    <failure type="">TypeError: scope.$watch is not a function in /var/folders/02/md3smr3n7sgfpp80dl0ymyq40000gn/T/cd5c18729ae31e0fd05e3fc9174585f9.browserify.js (line 17499)
require&lt;["/Users/sheratsuki/Desktop/myangularAgain/test/scope_spec.js"]&lt;/&lt;/&lt;@/var/folders/02/md3smr3n7sgfpp80dl0ymyq40000gn/T/test/scope_spec.js:276:1 &lt;- /var/folders/02/md3smr3n7sgfpp80dl0ymyq40000gn/T/cd5c18729ae31e0fd05e3fc9174585f9.browserify.js:17499:33
&lt;Jasmine&gt;
</failure>
  </testcase>
  <testcase name="digest ends the digest when the last watch is clean" time="0" classname="Firefox_109_0_(Mac_OS_10_15).digest">
    <failure type="">TypeError: scope.$watch is not a function in /var/folders/02/md3smr3n7sgfpp80dl0ymyq40000gn/T/cd5c18729ae31e0fd05e3fc9174585f9.browserify.js (line 17380)
require&lt;["/Users/sheratsuki/Desktop/myangularAgain/test/scope_spec.js"]&lt;/&lt;/&lt;/&lt;@/var/folders/02/md3smr3n7sgfpp80dl0ymyq40000gn/T/test/scope_spec.js:157:1 &lt;- /var/folders/02/md3smr3n7sgfpp80dl0ymyq40000gn/T/cd5c18729ae31e0fd05e3fc9174585f9.browserify.js:17380:19
baseTimes@/var/folders/02/md3smr3n7sgfpp80dl0ymyq40000gn/T/node_modules/lodash/lodash.js:990:1 &lt;- /var/folders/02/md3smr3n7sgfpp80dl0ymyq40000gn/T/cd5c18729ae31e0fd05e3fc9174585f9.browserify.js:992:23
times@/var/folders/02/md3smr3n7sgfpp80dl0ymyq40000gn/T/node_modules/lodash/lodash.js:16219:1 &lt;- /var/folders/02/md3smr3n7sgfpp80dl0ymyq40000gn/T/cd5c18729ae31e0fd05e3fc9174585f9.browserify.js:16221:29
require&lt;["/Users/sheratsuki/Desktop/myangularAgain/test/scope_spec.js"]&lt;/&lt;/&lt;@/var/folders/02/md3smr3n7sgfpp80dl0ymyq40000gn/T/test/scope_spec.js:156:1 &lt;- /var/folders/02/md3smr3n7sgfpp80dl0ymyq40000gn/T/cd5c18729ae31e0fd05e3fc9174585f9.browserify.js:17379:11
&lt;Jasmine&gt;
</failure>
  </testcase>
  <testcase name="digest does not end digest so that new watches are not run" time="0.001" classname="Firefox_109_0_(Mac_OS_10_15).digest">
    <failure type="">TypeError: scope.$watch is not a function in /var/folders/02/md3smr3n7sgfpp80dl0ymyq40000gn/T/cd5c18729ae31e0fd05e3fc9174585f9.browserify.js (line 17402)
require&lt;["/Users/sheratsuki/Desktop/myangularAgain/test/scope_spec.js"]&lt;/&lt;/&lt;@/var/folders/02/md3smr3n7sgfpp80dl0ymyq40000gn/T/test/scope_spec.js:179:1 &lt;- /var/folders/02/md3smr3n7sgfpp80dl0ymyq40000gn/T/cd5c18729ae31e0fd05e3fc9174585f9.browserify.js:17402:15
&lt;Jasmine&gt;
</failure>
  </testcase>
  <testcase name="digest may have watchers that omit the listener function" time="0" classname="Firefox_109_0_(Mac_OS_10_15).digest">
    <failure type="">TypeError: scope.$watch is not a function in /var/folders/02/md3smr3n7sgfpp80dl0ymyq40000gn/T/cd5c18729ae31e0fd05e3fc9174585f9.browserify.js (line 17321)
require&lt;["/Users/sheratsuki/Desktop/myangularAgain/test/scope_spec.js"]&lt;/&lt;/&lt;@/var/folders/02/md3smr3n7sgfpp80dl0ymyq40000gn/T/test/scope_spec.js:98:1 &lt;- /var/folders/02/md3smr3n7sgfpp80dl0ymyq40000gn/T/cd5c18729ae31e0fd05e3fc9174585f9.browserify.js:17321:15
&lt;Jasmine&gt;
</failure>
  </testcase>
  <testcase name="digest calls listener with new value as old value the first time" time="0" classname="Firefox_109_0_(Mac_OS_10_15).digest">
    <failure type="">TypeError: scope.$watch is not a function in /var/folders/02/md3smr3n7sgfpp80dl0ymyq40000gn/T/cd5c18729ae31e0fd05e3fc9174585f9.browserify.js (line 17310)
require&lt;["/Users/sheratsuki/Desktop/myangularAgain/test/scope_spec.js"]&lt;/&lt;/&lt;@/var/folders/02/md3smr3n7sgfpp80dl0ymyq40000gn/T/test/scope_spec.js:87:1 &lt;- /var/folders/02/md3smr3n7sgfpp80dl0ymyq40000gn/T/cd5c18729ae31e0fd05e3fc9174585f9.browserify.js:17310:15
&lt;Jasmine&gt;
</failure>
  </testcase>
  <testcase name="digest allows a $watch to destroy another during digest" time="0" classname="Firefox_109_0_(Mac_OS_10_15).digest">
    <failure type="">TypeError: scope.$watch is not a function in /var/folders/02/md3smr3n7sgfpp80dl0ymyq40000gn/T/cd5c18729ae31e0fd05e3fc9174585f9.browserify.js (line 17554)
require&lt;["/Users/sheratsuki/Desktop/myangularAgain/test/scope_spec.js"]&lt;/&lt;/&lt;@/var/folders/02/md3smr3n7sgfpp80dl0ymyq40000gn/T/test/scope_spec.js:331:1 &lt;- /var/folders/02/md3smr3n7sgfpp80dl0ymyq40000gn/T/cd5c18729ae31e0fd05e3fc9174585f9.browserify.js:17554:15
&lt;Jasmine&gt;
</failure>
  </testcase>
  <testcase name="digest allows destroying a $watch during digest" time="0" classname="Firefox_109_0_(Mac_OS_10_15).digest">
    <failure type="">TypeError: scope.$watch is not a function in /var/folders/02/md3smr3n7sgfpp80dl0ymyq40000gn/T/cd5c18729ae31e0fd05e3fc9174585f9.browserify.js (line 17522)
require&lt;["/Users/sheratsuki/Desktop/myangularAgain/test/scope_spec.js"]&lt;/&lt;/&lt;@/var/folders/02/md3smr3n7sgfpp80dl0ymyq40000gn/T/test/scope_spec.js:299:1 &lt;- /var/folders/02/md3smr3n7sgfpp80dl0ymyq40000gn/T/cd5c18729ae31e0fd05e3fc9174585f9.browserify.js:17522:15
&lt;Jasmine&gt;
</failure>
  </testcase>
  <testcase name="digest gives up on the watches after 10 iterations" time="0" classname="Firefox_109_0_(Mac_OS_10_15).digest">
    <failure type="">TypeError: scope.$watch is not a function in /var/folders/02/md3smr3n7sgfpp80dl0ymyq40000gn/T/cd5c18729ae31e0fd05e3fc9174585f9.browserify.js (line 17361)
require&lt;["/Users/sheratsuki/Desktop/myangularAgain/test/scope_spec.js"]&lt;/&lt;/&lt;@/var/folders/02/md3smr3n7sgfpp80dl0ymyq40000gn/T/test/scope_spec.js:138:1 &lt;- /var/folders/02/md3smr3n7sgfpp80dl0ymyq40000gn/T/cd5c18729ae31e0fd05e3fc9174585f9.browserify.js:17361:15
&lt;Jasmine&gt;
</failure>
  </testcase>
  <testcase name="digest triggers chained watchers in the same digest" time="0" classname="Firefox_109_0_(Mac_OS_10_15).digest">
    <failure type="">TypeError: scope.$watch is not a function in /var/folders/02/md3smr3n7sgfpp80dl0ymyq40000gn/T/cd5c18729ae31e0fd05e3fc9174585f9.browserify.js (line 17332)
require&lt;["/Users/sheratsuki/Desktop/myangularAgain/test/scope_spec.js"]&lt;/&lt;/&lt;@/var/folders/02/md3smr3n7sgfpp80dl0ymyq40000gn/T/test/scope_spec.js:109:1 &lt;- /var/folders/02/md3smr3n7sgfpp80dl0ymyq40000gn/T/cd5c18729ae31e0fd05e3fc9174585f9.browserify.js:17332:15
&lt;Jasmine&gt;
</failure>
  </testcase>
  <testcase name="digest calls the listener function when watched value changes" time="0" classname="Firefox_109_0_(Mac_OS_10_15).digest">
    <failure type="">TypeError: scope.$watch is not a function in /var/folders/02/md3smr3n7sgfpp80dl0ymyq40000gn/T/cd5c18729ae31e0fd05e3fc9174585f9.browserify.js (line 17272)
require&lt;["/Users/sheratsuki/Desktop/myangularAgain/test/scope_spec.js"]&lt;/&lt;/&lt;@/var/folders/02/md3smr3n7sgfpp80dl0ymyq40000gn/T/test/scope_spec.js:49:1 &lt;- /var/folders/02/md3smr3n7sgfpp80dl0ymyq40000gn/T/cd5c18729ae31e0fd05e3fc9174585f9.browserify.js:17272:15
&lt;Jasmine&gt;
</failure>
  </testcase>
  <testcase name="digest calls listener when watch value is first undefined" time="0" classname="Firefox_109_0_(Mac_OS_10_15).digest">
    <failure type="">TypeError: scope.$watch is not a function in /var/folders/02/md3smr3n7sgfpp80dl0ymyq40000gn/T/cd5c18729ae31e0fd05e3fc9174585f9.browserify.js (line 17296)
require&lt;["/Users/sheratsuki/Desktop/myangularAgain/test/scope_spec.js"]&lt;/&lt;/&lt;@/var/folders/02/md3smr3n7sgfpp80dl0ymyq40000gn/T/test/scope_spec.js:73:1 &lt;- /var/folders/02/md3smr3n7sgfpp80dl0ymyq40000gn/T/cd5c18729ae31e0fd05e3fc9174585f9.browserify.js:17296:15
&lt;Jasmine&gt;
</failure>
  </testcase>
  <testcase name="Scope can be constructed and used as an object" time="0" classname="Firefox_109_0_(Mac_OS_10_15).Scope"/>
  <system-out>
    <![CDATA[Chrome 109.0.0.0 (Mac OS 10.15.7) ERROR
  An error was thrown in afterAll
  Uncaught ReferenceError: Scope is not defined
  ReferenceError: Scope is not defined
      at require./Users/sheratsuki/Desktop/myangularAgain/src/scope.js (/var/folders/02/md3smr3n7sgfpp80dl0ymyq40000gn/T/src/scope.js:5:1 <- /var/folders/02/md3smr3n7sgfpp80dl0ymyq40000gn/T/cd5c18729ae31e0fd05e3fc9174585f9.browserify.js:17220:1)
      at o (/var/folders/02/md3smr3n7sgfpp80dl0ymyq40000gn/T/node_modules/browser-pack/_prelude.js:1:1 <- /var/folders/02/md3smr3n7sgfpp80dl0ymyq40000gn/T/cd5c18729ae31e0fd05e3fc9174585f9.browserify.js:1:273)
      at src/scope.js:1:34
,Firefox 109.0 (Mac OS 10.15) ERROR
  An error was thrown in afterAll
  ReferenceError: Scope is not defined
  require<["/Users/sheratsuki/Desktop/myangularAgain/src/scope.js"]<@/var/folders/02/md3smr3n7sgfpp80dl0ymyq40000gn/T/src/scope.js:5:1 <- /var/folders/02/md3smr3n7sgfpp80dl0ymyq40000gn/T/cd5c18729ae31e0fd05e3fc9174585f9.browserify.js:17220:1
  o@/var/folders/02/md3smr3n7sgfpp80dl0ymyq40000gn/T/node_modules/browser-pack/_prelude.js:1:1 <- /var/folders/02/md3smr3n7sgfpp80dl0ymyq40000gn/T/cd5c18729ae31e0fd05e3fc9174585f9.browserify.js:1:273
  @src/scope.js:1:34

]]>
  </system-out>
  <system-err/>
</testsuite>